0 info it worked if it ends with ok
1 verbose cli [ 'C:\\Program Files\\nodejs\\node.exe',
1 verbose cli   'C:\\Users\\Davy\\AppData\\Roaming\\npm\\node_modules\\npm\\bin\\npm-cli.js',
1 verbose cli   'install',
1 verbose cli   '--verbose' ]
2 info using npm@3.3.12
3 info using node@v4.5.0
4 silly loadCurrentTree Starting
5 silly install loadCurrentTree
6 silly install readLocalPackageData
7 silly install normalizeTree
8 silly loadCurrentTree Finishing
9 silly loadIdealTree Starting
10 silly install loadIdealTree
11 silly cloneCurrentTree Starting
12 silly install cloneCurrentTreeToIdealTree
13 silly cloneCurrentTree Finishing
14 silly loadShrinkwrap Starting
15 silly install loadShrinkwrap
16 silly loadShrinkwrap Finishing
17 silly loadAllDepsIntoIdealTree Starting
18 silly install loadAllDepsIntoIdealTree
19 silly fetchNamedPackageData fsevents
20 silly mapToRegistry name fsevents
21 silly mapToRegistry using default registry
22 silly mapToRegistry registry https://registry.npmjs.org/
23 silly mapToRegistry uri https://registry.npmjs.org/fsevents
24 verbose request uri https://registry.npmjs.org/fsevents
25 verbose request no auth needed
26 info attempt registry request try #1 at 2:08:13 PM
27 verbose request id ec957011aa74946f
28 verbose etag W/"581a78e1-bb66"
29 verbose lastModified Wed, 02 Nov 2016 23:38:09 GMT
30 http request GET https://registry.npmjs.org/fsevents
31 http 304 https://registry.npmjs.org/fsevents
32 verbose headers { date: 'Thu, 17 Nov 2016 13:08:11 GMT',
32 verbose headers   via: '1.1 varnish',
32 verbose headers   'cache-control': 'max-age=300',
32 verbose headers   etag: 'W/"581a78e1-bb66"',
32 verbose headers   age: '92',
32 verbose headers   connection: 'keep-alive',
32 verbose headers   'x-served-by': 'cache-bma7030-BMA',
32 verbose headers   'x-cache': 'HIT',
32 verbose headers   'x-cache-hits': '2',
32 verbose headers   'x-timer': 'S1479388091.053234,VS0,VE0',
32 verbose headers   vary: 'Accept-Encoding' }
33 silly get cb [ 304,
33 silly get   { date: 'Thu, 17 Nov 2016 13:08:11 GMT',
33 silly get     via: '1.1 varnish',
33 silly get     'cache-control': 'max-age=300',
33 silly get     etag: 'W/"581a78e1-bb66"',
33 silly get     age: '92',
33 silly get     connection: 'keep-alive',
33 silly get     'x-served-by': 'cache-bma7030-BMA',
33 silly get     'x-cache': 'HIT',
33 silly get     'x-cache-hits': '2',
33 silly get     'x-timer': 'S1479388091.053234,VS0,VE0',
33 silly get     vary: 'Accept-Encoding' } ]
34 verbose etag https://registry.npmjs.org/fsevents from cache
35 verbose get saving fsevents to C:\Users\Davy\AppData\Roaming\npm-cache\registry.npmjs.org\fsevents\.cache.json
36 silly resolveWithNewModule fsevents@1.0.15 checking installable status
37 warn install Couldn't install optional dependency: Unsupported
38 verbose install Error: Unsupported
38 verbose install     at checkPlatform (C:\Users\Davy\AppData\Roaming\npm\node_modules\npm\node_modules\npm-install-checks\index.js:46:14)
38 verbose install     at Array.<anonymous> (C:\Users\Davy\AppData\Roaming\npm\node_modules\npm\node_modules\slide\lib\bind-actor.js:15:8)
38 verbose install     at LOOP (C:\Users\Davy\AppData\Roaming\npm\node_modules\npm\node_modules\slide\lib\chain.js:15:14)
38 verbose install     at C:\Users\Davy\AppData\Roaming\npm\node_modules\npm\node_modules\slide\lib\chain.js:18:7
38 verbose install     at checkEngine (C:\Users\Davy\AppData\Roaming\npm\node_modules\npm\node_modules\npm-install-checks\index.js:25:10)
38 verbose install     at Array.<anonymous> (C:\Users\Davy\AppData\Roaming\npm\node_modules\npm\node_modules\slide\lib\bind-actor.js:15:8)
38 verbose install     at LOOP (C:\Users\Davy\AppData\Roaming\npm\node_modules\npm\node_modules\slide\lib\chain.js:15:14)
38 verbose install     at chain (C:\Users\Davy\AppData\Roaming\npm\node_modules\npm\node_modules\slide\lib\chain.js:20:5)
38 verbose install     at module.exports.isInstallable (C:\Users\Davy\AppData\Roaming\npm\node_modules\npm\lib\install\validate-args.js:26:3)
38 verbose install     at resolveWithNewModule (C:\Users\Davy\AppData\Roaming\npm\node_modules\npm\lib\install\deps.js:452:12)
39 silly loadAllDepsIntoIdealTree Finishing
40 silly idealTree:prePrune @1dv022/jekyll-boilerplate@1.0.0
40 silly idealTree:prePrune └─┬ nodemon@1.11.0
40 silly idealTree:prePrune   ├─┬ chokidar@1.6.1
40 silly idealTree:prePrune   │ ├─┬ anymatch@1.3.0
40 silly idealTree:prePrune   │ │ ├── arrify@1.0.1
40 silly idealTree:prePrune   │ │ └─┬ micromatch@2.3.11
40 silly idealTree:prePrune   │ │   ├─┬ arr-diff@2.0.0
40 silly idealTree:prePrune   │ │   │ └── arr-flatten@1.0.1
40 silly idealTree:prePrune   │ │   ├── array-unique@0.2.1
40 silly idealTree:prePrune   │ │   ├─┬ braces@1.8.5
40 silly idealTree:prePrune   │ │   │ ├─┬ expand-range@1.8.2
40 silly idealTree:prePrune   │ │   │ │ └─┬ fill-range@2.2.3
40 silly idealTree:prePrune   │ │   │ │   ├── is-number@2.1.0
40 silly idealTree:prePrune   │ │   │ │   ├─┬ isobject@2.1.0
40 silly idealTree:prePrune   │ │   │ │   │ └── isarray@1.0.0
40 silly idealTree:prePrune   │ │   │ │   ├── randomatic@1.1.5
40 silly idealTree:prePrune   │ │   │ │   └── repeat-string@1.6.1
40 silly idealTree:prePrune   │ │   │ ├── preserve@0.2.0
40 silly idealTree:prePrune   │ │   │ └── repeat-element@1.1.2
40 silly idealTree:prePrune   │ │   ├─┬ expand-brackets@0.1.5
40 silly idealTree:prePrune   │ │   │ └── is-posix-bracket@0.1.1
40 silly idealTree:prePrune   │ │   ├── extglob@0.3.2
40 silly idealTree:prePrune   │ │   ├── filename-regex@2.0.0
40 silly idealTree:prePrune   │ │   ├── is-extglob@1.0.0
40 silly idealTree:prePrune   │ │   ├─┬ kind-of@3.0.4
40 silly idealTree:prePrune   │ │   │ └── is-buffer@1.1.4
40 silly idealTree:prePrune   │ │   ├── normalize-path@2.0.1
40 silly idealTree:prePrune   │ │   ├─┬ object.omit@2.0.1
40 silly idealTree:prePrune   │ │   │ ├─┬ for-own@0.1.4
40 silly idealTree:prePrune   │ │   │ │ └── for-in@0.1.6
40 silly idealTree:prePrune   │ │   │ └── is-extendable@0.1.1
40 silly idealTree:prePrune   │ │   ├─┬ parse-glob@3.0.4
40 silly idealTree:prePrune   │ │   │ ├── glob-base@0.3.0
40 silly idealTree:prePrune   │ │   │ └── is-dotfile@1.0.2
40 silly idealTree:prePrune   │ │   └─┬ regex-cache@0.4.3
40 silly idealTree:prePrune   │ │     ├── is-equal-shallow@0.1.3
40 silly idealTree:prePrune   │ │     └── is-primitive@2.0.0
40 silly idealTree:prePrune   │ ├── async-each@1.0.1
40 silly idealTree:prePrune   │ ├── glob-parent@2.0.0
40 silly idealTree:prePrune   │ ├── inherits@2.0.3
40 silly idealTree:prePrune   │ ├─┬ is-binary-path@1.0.1
40 silly idealTree:prePrune   │ │ └── binary-extensions@1.7.0
40 silly idealTree:prePrune   │ ├─┬ is-glob@2.0.1
40 silly idealTree:prePrune   │ │ └── is-extglob@1.0.0
40 silly idealTree:prePrune   │ ├── path-is-absolute@1.0.1
40 silly idealTree:prePrune   │ └─┬ readdirp@2.1.0
40 silly idealTree:prePrune   │   ├── graceful-fs@4.1.10
40 silly idealTree:prePrune   │   ├─┬ readable-stream@2.2.2
40 silly idealTree:prePrune   │   │ ├── buffer-shims@1.0.0
40 silly idealTree:prePrune   │   │ ├── core-util-is@1.0.2
40 silly idealTree:prePrune   │   │ ├── isarray@1.0.0
40 silly idealTree:prePrune   │   │ ├── process-nextick-args@1.0.7
40 silly idealTree:prePrune   │   │ ├── string_decoder@0.10.31
40 silly idealTree:prePrune   │   │ └── util-deprecate@1.0.2
40 silly idealTree:prePrune   │   └── set-immediate-shim@1.0.1
40 silly idealTree:prePrune   ├─┬ debug@2.3.2
40 silly idealTree:prePrune   │ └── ms@0.7.2
40 silly idealTree:prePrune   ├── es6-promise@3.3.1
40 silly idealTree:prePrune   ├── ignore-by-default@1.0.1
40 silly idealTree:prePrune   ├─┬ lodash.defaults@3.1.2
40 silly idealTree:prePrune   │ ├─┬ lodash.assign@3.2.0
40 silly idealTree:prePrune   │ │ ├─┬ lodash._baseassign@3.2.0
40 silly idealTree:prePrune   │ │ │ └── lodash._basecopy@3.0.1
40 silly idealTree:prePrune   │ │ ├─┬ lodash._createassigner@3.1.1
40 silly idealTree:prePrune   │ │ │ ├── lodash._bindcallback@3.0.1
40 silly idealTree:prePrune   │ │ │ └── lodash._isiterateecall@3.0.9
40 silly idealTree:prePrune   │ │ └─┬ lodash.keys@3.1.2
40 silly idealTree:prePrune   │ │   ├── lodash._getnative@3.9.1
40 silly idealTree:prePrune   │ │   ├── lodash.isarguments@3.1.0
40 silly idealTree:prePrune   │ │   └── lodash.isarray@3.0.4
40 silly idealTree:prePrune   │ └── lodash.restparam@3.6.1
40 silly idealTree:prePrune   ├─┬ minimatch@3.0.3
40 silly idealTree:prePrune   │ └─┬ brace-expansion@1.1.6
40 silly idealTree:prePrune   │   ├── balanced-match@0.4.2
40 silly idealTree:prePrune   │   └── concat-map@0.0.1
40 silly idealTree:prePrune   ├─┬ ps-tree@1.1.0
40 silly idealTree:prePrune   │ └─┬ event-stream@3.3.4
40 silly idealTree:prePrune   │   ├── duplexer@0.1.1
40 silly idealTree:prePrune   │   ├── from@0.1.3
40 silly idealTree:prePrune   │   ├── map-stream@0.1.0
40 silly idealTree:prePrune   │   ├── pause-stream@0.0.11
40 silly idealTree:prePrune   │   ├── split@0.3.3
40 silly idealTree:prePrune   │   ├── stream-combiner@0.0.4
40 silly idealTree:prePrune   │   └── through@2.3.8
40 silly idealTree:prePrune   ├─┬ touch@1.0.0
40 silly idealTree:prePrune   │ └─┬ nopt@1.0.10
40 silly idealTree:prePrune   │   └── abbrev@1.0.9
40 silly idealTree:prePrune   ├── undefsafe@0.0.3
40 silly idealTree:prePrune   └─┬ update-notifier@0.5.0
40 silly idealTree:prePrune     ├─┬ chalk@1.1.3
40 silly idealTree:prePrune     │ ├── ansi-styles@2.2.1
40 silly idealTree:prePrune     │ ├── escape-string-regexp@1.0.5
40 silly idealTree:prePrune     │ ├─┬ has-ansi@2.0.0
40 silly idealTree:prePrune     │ │ └── ansi-regex@2.0.0
40 silly idealTree:prePrune     │ ├─┬ strip-ansi@3.0.1
40 silly idealTree:prePrune     │ │ └── ansi-regex@2.0.0
40 silly idealTree:prePrune     │ └── supports-color@2.0.0
40 silly idealTree:prePrune     ├─┬ configstore@1.4.0
40 silly idealTree:prePrune     │ ├── graceful-fs@4.1.10
40 silly idealTree:prePrune     │ ├─┬ mkdirp@0.5.1
40 silly idealTree:prePrune     │ │ └── minimist@0.0.8
40 silly idealTree:prePrune     │ ├── object-assign@4.1.0
40 silly idealTree:prePrune     │ ├── os-tmpdir@1.0.2
40 silly idealTree:prePrune     │ ├─┬ osenv@0.1.3
40 silly idealTree:prePrune     │ │ └── os-homedir@1.0.2
40 silly idealTree:prePrune     │ ├── uuid@2.0.3
40 silly idealTree:prePrune     │ ├─┬ write-file-atomic@1.2.0
40 silly idealTree:prePrune     │ │ ├── imurmurhash@0.1.4
40 silly idealTree:prePrune     │ │ └── slide@1.1.6
40 silly idealTree:prePrune     │ └─┬ xdg-basedir@2.0.0
40 silly idealTree:prePrune     │   └── os-homedir@1.0.2
40 silly idealTree:prePrune     ├── is-npm@1.0.0
40 silly idealTree:prePrune     ├─┬ latest-version@1.0.1
40 silly idealTree:prePrune     │ └─┬ package-json@1.2.0
40 silly idealTree:prePrune     │   ├─┬ got@3.3.1
40 silly idealTree:prePrune     │   │ ├─┬ duplexify@3.5.0
40 silly idealTree:prePrune     │   │ │ ├─┬ end-of-stream@1.0.0
40 silly idealTree:prePrune     │   │ │ │ └─┬ once@1.3.3
40 silly idealTree:prePrune     │   │ │ │   └── wrappy@1.0.2
40 silly idealTree:prePrune     │   │ │ ├── inherits@2.0.3
40 silly idealTree:prePrune     │   │ │ ├─┬ readable-stream@2.2.2
40 silly idealTree:prePrune     │   │ │ │ ├── buffer-shims@1.0.0
40 silly idealTree:prePrune     │   │ │ │ ├── core-util-is@1.0.2
40 silly idealTree:prePrune     │   │ │ │ ├── isarray@1.0.0
40 silly idealTree:prePrune     │   │ │ │ ├── process-nextick-args@1.0.7
40 silly idealTree:prePrune     │   │ │ │ ├── string_decoder@0.10.31
40 silly idealTree:prePrune     │   │ │ │ └── util-deprecate@1.0.2
40 silly idealTree:prePrune     │   │ │ └── stream-shift@1.0.0
40 silly idealTree:prePrune     │   │ ├── infinity-agent@2.0.3
40 silly idealTree:prePrune     │   │ ├── is-redirect@1.0.0
40 silly idealTree:prePrune     │   │ ├── is-stream@1.1.0
40 silly idealTree:prePrune     │   │ ├── lowercase-keys@1.0.0
40 silly idealTree:prePrune     │   │ ├─┬ nested-error-stacks@1.0.2
40 silly idealTree:prePrune     │   │ │ └── inherits@2.0.3
40 silly idealTree:prePrune     │   │ ├── object-assign@3.0.0
40 silly idealTree:prePrune     │   │ ├── prepend-http@1.0.4
40 silly idealTree:prePrune     │   │ ├─┬ read-all-stream@3.1.0
40 silly idealTree:prePrune     │   │ │ ├─┬ pinkie-promise@2.0.1
40 silly idealTree:prePrune     │   │ │ │ └── pinkie@2.0.4
40 silly idealTree:prePrune     │   │ │ └─┬ readable-stream@2.2.2
40 silly idealTree:prePrune     │   │ │   ├── buffer-shims@1.0.0
40 silly idealTree:prePrune     │   │ │   ├── core-util-is@1.0.2
40 silly idealTree:prePrune     │   │ │   ├── inherits@2.0.3
40 silly idealTree:prePrune     │   │ │   ├── isarray@1.0.0
40 silly idealTree:prePrune     │   │ │   ├── process-nextick-args@1.0.7
40 silly idealTree:prePrune     │   │ │   ├── string_decoder@0.10.31
40 silly idealTree:prePrune     │   │ │   └── util-deprecate@1.0.2
40 silly idealTree:prePrune     │   │ └── timed-out@2.0.0
40 silly idealTree:prePrune     │   └─┬ registry-url@3.1.0
40 silly idealTree:prePrune     │     └─┬ rc@1.1.6
40 silly idealTree:prePrune     │       ├── deep-extend@0.4.1
40 silly idealTree:prePrune     │       ├── ini@1.3.4
40 silly idealTree:prePrune     │       ├── minimist@1.2.0
40 silly idealTree:prePrune     │       └── strip-json-comments@1.0.4
40 silly idealTree:prePrune     ├─┬ repeating@1.1.3
40 silly idealTree:prePrune     │ └─┬ is-finite@1.0.2
40 silly idealTree:prePrune     │   └── number-is-nan@1.0.1
40 silly idealTree:prePrune     ├─┬ semver-diff@2.1.0
40 silly idealTree:prePrune     │ └── semver@5.3.0
40 silly idealTree:prePrune     └─┬ string-length@1.0.1
40 silly idealTree:prePrune       └─┬ strip-ansi@3.0.1
40 silly idealTree:prePrune         └── ansi-regex@2.0.0
41 silly loadIdealTree Finishing
42 silly currentTree @1dv022/jekyll-boilerplate@1.0.0
42 silly currentTree └─┬ nodemon@1.11.0
42 silly currentTree   ├─┬ chokidar@1.6.1
42 silly currentTree   │ ├─┬ anymatch@1.3.0
42 silly currentTree   │ │ ├── arrify@1.0.1
42 silly currentTree   │ │ └─┬ micromatch@2.3.11
42 silly currentTree   │ │   ├─┬ arr-diff@2.0.0
42 silly currentTree   │ │   │ └── arr-flatten@1.0.1
42 silly currentTree   │ │   ├── array-unique@0.2.1
42 silly currentTree   │ │   ├─┬ braces@1.8.5
42 silly currentTree   │ │   │ ├─┬ expand-range@1.8.2
42 silly currentTree   │ │   │ │ └─┬ fill-range@2.2.3
42 silly currentTree   │ │   │ │   ├── is-number@2.1.0
42 silly currentTree   │ │   │ │   ├─┬ isobject@2.1.0
42 silly currentTree   │ │   │ │   │ └── isarray@1.0.0
42 silly currentTree   │ │   │ │   ├── randomatic@1.1.5
42 silly currentTree   │ │   │ │   └── repeat-string@1.6.1
42 silly currentTree   │ │   │ ├── preserve@0.2.0
42 silly currentTree   │ │   │ └── repeat-element@1.1.2
42 silly currentTree   │ │   ├─┬ expand-brackets@0.1.5
42 silly currentTree   │ │   │ └── is-posix-bracket@0.1.1
42 silly currentTree   │ │   ├── extglob@0.3.2
42 silly currentTree   │ │   ├── filename-regex@2.0.0
42 silly currentTree   │ │   ├── is-extglob@1.0.0
42 silly currentTree   │ │   ├─┬ kind-of@3.0.4
42 silly currentTree   │ │   │ └── is-buffer@1.1.4
42 silly currentTree   │ │   ├── normalize-path@2.0.1
42 silly currentTree   │ │   ├─┬ object.omit@2.0.1
42 silly currentTree   │ │   │ ├─┬ for-own@0.1.4
42 silly currentTree   │ │   │ │ └── for-in@0.1.6
42 silly currentTree   │ │   │ └── is-extendable@0.1.1
42 silly currentTree   │ │   ├─┬ parse-glob@3.0.4
42 silly currentTree   │ │   │ ├── glob-base@0.3.0
42 silly currentTree   │ │   │ └── is-dotfile@1.0.2
42 silly currentTree   │ │   └─┬ regex-cache@0.4.3
42 silly currentTree   │ │     ├── is-equal-shallow@0.1.3
42 silly currentTree   │ │     └── is-primitive@2.0.0
42 silly currentTree   │ ├── async-each@1.0.1
42 silly currentTree   │ ├── glob-parent@2.0.0
42 silly currentTree   │ ├── inherits@2.0.3
42 silly currentTree   │ ├─┬ is-binary-path@1.0.1
42 silly currentTree   │ │ └── binary-extensions@1.7.0
42 silly currentTree   │ ├─┬ is-glob@2.0.1
42 silly currentTree   │ │ └── is-extglob@1.0.0
42 silly currentTree   │ ├── path-is-absolute@1.0.1
42 silly currentTree   │ └─┬ readdirp@2.1.0
42 silly currentTree   │   ├── graceful-fs@4.1.10
42 silly currentTree   │   ├─┬ readable-stream@2.2.2
42 silly currentTree   │   │ ├── buffer-shims@1.0.0
42 silly currentTree   │   │ ├── core-util-is@1.0.2
42 silly currentTree   │   │ ├── isarray@1.0.0
42 silly currentTree   │   │ ├── process-nextick-args@1.0.7
42 silly currentTree   │   │ ├── string_decoder@0.10.31
42 silly currentTree   │   │ └── util-deprecate@1.0.2
42 silly currentTree   │   └── set-immediate-shim@1.0.1
42 silly currentTree   ├─┬ debug@2.3.2
42 silly currentTree   │ └── ms@0.7.2
42 silly currentTree   ├── es6-promise@3.3.1
42 silly currentTree   ├── ignore-by-default@1.0.1
42 silly currentTree   ├─┬ lodash.defaults@3.1.2
42 silly currentTree   │ ├─┬ lodash.assign@3.2.0
42 silly currentTree   │ │ ├─┬ lodash._baseassign@3.2.0
42 silly currentTree   │ │ │ └── lodash._basecopy@3.0.1
42 silly currentTree   │ │ ├─┬ lodash._createassigner@3.1.1
42 silly currentTree   │ │ │ ├── lodash._bindcallback@3.0.1
42 silly currentTree   │ │ │ └── lodash._isiterateecall@3.0.9
42 silly currentTree   │ │ └─┬ lodash.keys@3.1.2
42 silly currentTree   │ │   ├── lodash._getnative@3.9.1
42 silly currentTree   │ │   ├── lodash.isarguments@3.1.0
42 silly currentTree   │ │   └── lodash.isarray@3.0.4
42 silly currentTree   │ └── lodash.restparam@3.6.1
42 silly currentTree   ├─┬ minimatch@3.0.3
42 silly currentTree   │ └─┬ brace-expansion@1.1.6
42 silly currentTree   │   ├── balanced-match@0.4.2
42 silly currentTree   │   └── concat-map@0.0.1
42 silly currentTree   ├─┬ ps-tree@1.1.0
42 silly currentTree   │ └─┬ event-stream@3.3.4
42 silly currentTree   │   ├── duplexer@0.1.1
42 silly currentTree   │   ├── from@0.1.3
42 silly currentTree   │   ├── map-stream@0.1.0
42 silly currentTree   │   ├── pause-stream@0.0.11
42 silly currentTree   │   ├── split@0.3.3
42 silly currentTree   │   ├── stream-combiner@0.0.4
42 silly currentTree   │   └── through@2.3.8
42 silly currentTree   ├─┬ touch@1.0.0
42 silly currentTree   │ └─┬ nopt@1.0.10
42 silly currentTree   │   └── abbrev@1.0.9
42 silly currentTree   ├── undefsafe@0.0.3
42 silly currentTree   └─┬ update-notifier@0.5.0
42 silly currentTree     ├─┬ chalk@1.1.3
42 silly currentTree     │ ├── ansi-styles@2.2.1
42 silly currentTree     │ ├── escape-string-regexp@1.0.5
42 silly currentTree     │ ├─┬ has-ansi@2.0.0
42 silly currentTree     │ │ └── ansi-regex@2.0.0
42 silly currentTree     │ ├─┬ strip-ansi@3.0.1
42 silly currentTree     │ │ └── ansi-regex@2.0.0
42 silly currentTree     │ └── supports-color@2.0.0
42 silly currentTree     ├─┬ configstore@1.4.0
42 silly currentTree     │ ├── graceful-fs@4.1.10
42 silly currentTree     │ ├─┬ mkdirp@0.5.1
42 silly currentTree     │ │ └── minimist@0.0.8
42 silly currentTree     │ ├── object-assign@4.1.0
42 silly currentTree     │ ├── os-tmpdir@1.0.2
42 silly currentTree     │ ├─┬ osenv@0.1.3
42 silly currentTree     │ │ └── os-homedir@1.0.2
42 silly currentTree     │ ├── uuid@2.0.3
42 silly currentTree     │ ├─┬ write-file-atomic@1.2.0
42 silly currentTree     │ │ ├── imurmurhash@0.1.4
42 silly currentTree     │ │ └── slide@1.1.6
42 silly currentTree     │ └─┬ xdg-basedir@2.0.0
42 silly currentTree     │   └── os-homedir@1.0.2
42 silly currentTree     ├── is-npm@1.0.0
42 silly currentTree     ├─┬ latest-version@1.0.1
42 silly currentTree     │ └─┬ package-json@1.2.0
42 silly currentTree     │   ├─┬ got@3.3.1
42 silly currentTree     │   │ ├─┬ duplexify@3.5.0
42 silly currentTree     │   │ │ ├─┬ end-of-stream@1.0.0
42 silly currentTree     │   │ │ │ └─┬ once@1.3.3
42 silly currentTree     │   │ │ │   └── wrappy@1.0.2
42 silly currentTree     │   │ │ ├── inherits@2.0.3
42 silly currentTree     │   │ │ ├─┬ readable-stream@2.2.2
42 silly currentTree     │   │ │ │ ├── buffer-shims@1.0.0
42 silly currentTree     │   │ │ │ ├── core-util-is@1.0.2
42 silly currentTree     │   │ │ │ ├── isarray@1.0.0
42 silly currentTree     │   │ │ │ ├── process-nextick-args@1.0.7
42 silly currentTree     │   │ │ │ ├── string_decoder@0.10.31
42 silly currentTree     │   │ │ │ └── util-deprecate@1.0.2
42 silly currentTree     │   │ │ └── stream-shift@1.0.0
42 silly currentTree     │   │ ├── infinity-agent@2.0.3
42 silly currentTree     │   │ ├── is-redirect@1.0.0
42 silly currentTree     │   │ ├── is-stream@1.1.0
42 silly currentTree     │   │ ├── lowercase-keys@1.0.0
42 silly currentTree     │   │ ├─┬ nested-error-stacks@1.0.2
42 silly currentTree     │   │ │ └── inherits@2.0.3
42 silly currentTree     │   │ ├── object-assign@3.0.0
42 silly currentTree     │   │ ├── prepend-http@1.0.4
42 silly currentTree     │   │ ├─┬ read-all-stream@3.1.0
42 silly currentTree     │   │ │ ├─┬ pinkie-promise@2.0.1
42 silly currentTree     │   │ │ │ └── pinkie@2.0.4
42 silly currentTree     │   │ │ └─┬ readable-stream@2.2.2
42 silly currentTree     │   │ │   ├── buffer-shims@1.0.0
42 silly currentTree     │   │ │   ├── core-util-is@1.0.2
42 silly currentTree     │   │ │   ├── inherits@2.0.3
42 silly currentTree     │   │ │   ├── isarray@1.0.0
42 silly currentTree     │   │ │   ├── process-nextick-args@1.0.7
42 silly currentTree     │   │ │   ├── string_decoder@0.10.31
42 silly currentTree     │   │ │   └── util-deprecate@1.0.2
42 silly currentTree     │   │ └── timed-out@2.0.0
42 silly currentTree     │   └─┬ registry-url@3.1.0
42 silly currentTree     │     └─┬ rc@1.1.6
42 silly currentTree     │       ├── deep-extend@0.4.1
42 silly currentTree     │       ├── ini@1.3.4
42 silly currentTree     │       ├── minimist@1.2.0
42 silly currentTree     │       └── strip-json-comments@1.0.4
42 silly currentTree     ├─┬ repeating@1.1.3
42 silly currentTree     │ └─┬ is-finite@1.0.2
42 silly currentTree     │   └── number-is-nan@1.0.1
42 silly currentTree     ├─┬ semver-diff@2.1.0
42 silly currentTree     │ └── semver@5.3.0
42 silly currentTree     └─┬ string-length@1.0.1
42 silly currentTree       └─┬ strip-ansi@3.0.1
42 silly currentTree         └── ansi-regex@2.0.0
43 silly idealTree @1dv022/jekyll-boilerplate@1.0.0
43 silly idealTree └─┬ nodemon@1.11.0
43 silly idealTree   ├─┬ chokidar@1.6.1
43 silly idealTree   │ ├─┬ anymatch@1.3.0
43 silly idealTree   │ │ ├── arrify@1.0.1
43 silly idealTree   │ │ └─┬ micromatch@2.3.11
43 silly idealTree   │ │   ├─┬ arr-diff@2.0.0
43 silly idealTree   │ │   │ └── arr-flatten@1.0.1
43 silly idealTree   │ │   ├── array-unique@0.2.1
43 silly idealTree   │ │   ├─┬ braces@1.8.5
43 silly idealTree   │ │   │ ├─┬ expand-range@1.8.2
43 silly idealTree   │ │   │ │ └─┬ fill-range@2.2.3
43 silly idealTree   │ │   │ │   ├── is-number@2.1.0
43 silly idealTree   │ │   │ │   ├─┬ isobject@2.1.0
43 silly idealTree   │ │   │ │   │ └── isarray@1.0.0
43 silly idealTree   │ │   │ │   ├── randomatic@1.1.5
43 silly idealTree   │ │   │ │   └── repeat-string@1.6.1
43 silly idealTree   │ │   │ ├── preserve@0.2.0
43 silly idealTree   │ │   │ └── repeat-element@1.1.2
43 silly idealTree   │ │   ├─┬ expand-brackets@0.1.5
43 silly idealTree   │ │   │ └── is-posix-bracket@0.1.1
43 silly idealTree   │ │   ├── extglob@0.3.2
43 silly idealTree   │ │   ├── filename-regex@2.0.0
43 silly idealTree   │ │   ├── is-extglob@1.0.0
43 silly idealTree   │ │   ├─┬ kind-of@3.0.4
43 silly idealTree   │ │   │ └── is-buffer@1.1.4
43 silly idealTree   │ │   ├── normalize-path@2.0.1
43 silly idealTree   │ │   ├─┬ object.omit@2.0.1
43 silly idealTree   │ │   │ ├─┬ for-own@0.1.4
43 silly idealTree   │ │   │ │ └── for-in@0.1.6
43 silly idealTree   │ │   │ └── is-extendable@0.1.1
43 silly idealTree   │ │   ├─┬ parse-glob@3.0.4
43 silly idealTree   │ │   │ ├── glob-base@0.3.0
43 silly idealTree   │ │   │ └── is-dotfile@1.0.2
43 silly idealTree   │ │   └─┬ regex-cache@0.4.3
43 silly idealTree   │ │     ├── is-equal-shallow@0.1.3
43 silly idealTree   │ │     └── is-primitive@2.0.0
43 silly idealTree   │ ├── async-each@1.0.1
43 silly idealTree   │ ├── glob-parent@2.0.0
43 silly idealTree   │ ├── inherits@2.0.3
43 silly idealTree   │ ├─┬ is-binary-path@1.0.1
43 silly idealTree   │ │ └── binary-extensions@1.7.0
43 silly idealTree   │ ├─┬ is-glob@2.0.1
43 silly idealTree   │ │ └── is-extglob@1.0.0
43 silly idealTree   │ ├── path-is-absolute@1.0.1
43 silly idealTree   │ └─┬ readdirp@2.1.0
43 silly idealTree   │   ├── graceful-fs@4.1.10
43 silly idealTree   │   ├─┬ readable-stream@2.2.2
43 silly idealTree   │   │ ├── buffer-shims@1.0.0
43 silly idealTree   │   │ ├── core-util-is@1.0.2
43 silly idealTree   │   │ ├── isarray@1.0.0
43 silly idealTree   │   │ ├── process-nextick-args@1.0.7
43 silly idealTree   │   │ ├── string_decoder@0.10.31
43 silly idealTree   │   │ └── util-deprecate@1.0.2
43 silly idealTree   │   └── set-immediate-shim@1.0.1
43 silly idealTree   ├─┬ debug@2.3.2
43 silly idealTree   │ └── ms@0.7.2
43 silly idealTree   ├── es6-promise@3.3.1
43 silly idealTree   ├── ignore-by-default@1.0.1
43 silly idealTree   ├─┬ lodash.defaults@3.1.2
43 silly idealTree   │ ├─┬ lodash.assign@3.2.0
43 silly idealTree   │ │ ├─┬ lodash._baseassign@3.2.0
43 silly idealTree   │ │ │ └── lodash._basecopy@3.0.1
43 silly idealTree   │ │ ├─┬ lodash._createassigner@3.1.1
43 silly idealTree   │ │ │ ├── lodash._bindcallback@3.0.1
43 silly idealTree   │ │ │ └── lodash._isiterateecall@3.0.9
43 silly idealTree   │ │ └─┬ lodash.keys@3.1.2
43 silly idealTree   │ │   ├── lodash._getnative@3.9.1
43 silly idealTree   │ │   ├── lodash.isarguments@3.1.0
43 silly idealTree   │ │   └── lodash.isarray@3.0.4
43 silly idealTree   │ └── lodash.restparam@3.6.1
43 silly idealTree   ├─┬ minimatch@3.0.3
43 silly idealTree   │ └─┬ brace-expansion@1.1.6
43 silly idealTree   │   ├── balanced-match@0.4.2
43 silly idealTree   │   └── concat-map@0.0.1
43 silly idealTree   ├─┬ ps-tree@1.1.0
43 silly idealTree   │ └─┬ event-stream@3.3.4
43 silly idealTree   │   ├── duplexer@0.1.1
43 silly idealTree   │   ├── from@0.1.3
43 silly idealTree   │   ├── map-stream@0.1.0
43 silly idealTree   │   ├── pause-stream@0.0.11
43 silly idealTree   │   ├── split@0.3.3
43 silly idealTree   │   ├── stream-combiner@0.0.4
43 silly idealTree   │   └── through@2.3.8
43 silly idealTree   ├─┬ touch@1.0.0
43 silly idealTree   │ └─┬ nopt@1.0.10
43 silly idealTree   │   └── abbrev@1.0.9
43 silly idealTree   ├── undefsafe@0.0.3
43 silly idealTree   └─┬ update-notifier@0.5.0
43 silly idealTree     ├─┬ chalk@1.1.3
43 silly idealTree     │ ├── ansi-styles@2.2.1
43 silly idealTree     │ ├── escape-string-regexp@1.0.5
43 silly idealTree     │ ├─┬ has-ansi@2.0.0
43 silly idealTree     │ │ └── ansi-regex@2.0.0
43 silly idealTree     │ ├─┬ strip-ansi@3.0.1
43 silly idealTree     │ │ └── ansi-regex@2.0.0
43 silly idealTree     │ └── supports-color@2.0.0
43 silly idealTree     ├─┬ configstore@1.4.0
43 silly idealTree     │ ├── graceful-fs@4.1.10
43 silly idealTree     │ ├─┬ mkdirp@0.5.1
43 silly idealTree     │ │ └── minimist@0.0.8
43 silly idealTree     │ ├── object-assign@4.1.0
43 silly idealTree     │ ├── os-tmpdir@1.0.2
43 silly idealTree     │ ├─┬ osenv@0.1.3
43 silly idealTree     │ │ └── os-homedir@1.0.2
43 silly idealTree     │ ├── uuid@2.0.3
43 silly idealTree     │ ├─┬ write-file-atomic@1.2.0
43 silly idealTree     │ │ ├── imurmurhash@0.1.4
43 silly idealTree     │ │ └── slide@1.1.6
43 silly idealTree     │ └─┬ xdg-basedir@2.0.0
43 silly idealTree     │   └── os-homedir@1.0.2
43 silly idealTree     ├── is-npm@1.0.0
43 silly idealTree     ├─┬ latest-version@1.0.1
43 silly idealTree     │ └─┬ package-json@1.2.0
43 silly idealTree     │   ├─┬ got@3.3.1
43 silly idealTree     │   │ ├─┬ duplexify@3.5.0
43 silly idealTree     │   │ │ ├─┬ end-of-stream@1.0.0
43 silly idealTree     │   │ │ │ └─┬ once@1.3.3
43 silly idealTree     │   │ │ │   └── wrappy@1.0.2
43 silly idealTree     │   │ │ ├── inherits@2.0.3
43 silly idealTree     │   │ │ ├─┬ readable-stream@2.2.2
43 silly idealTree     │   │ │ │ ├── buffer-shims@1.0.0
43 silly idealTree     │   │ │ │ ├── core-util-is@1.0.2
43 silly idealTree     │   │ │ │ ├── isarray@1.0.0
43 silly idealTree     │   │ │ │ ├── process-nextick-args@1.0.7
43 silly idealTree     │   │ │ │ ├── string_decoder@0.10.31
43 silly idealTree     │   │ │ │ └── util-deprecate@1.0.2
43 silly idealTree     │   │ │ └── stream-shift@1.0.0
43 silly idealTree     │   │ ├── infinity-agent@2.0.3
43 silly idealTree     │   │ ├── is-redirect@1.0.0
43 silly idealTree     │   │ ├── is-stream@1.1.0
43 silly idealTree     │   │ ├── lowercase-keys@1.0.0
43 silly idealTree     │   │ ├─┬ nested-error-stacks@1.0.2
43 silly idealTree     │   │ │ └── inherits@2.0.3
43 silly idealTree     │   │ ├── object-assign@3.0.0
43 silly idealTree     │   │ ├── prepend-http@1.0.4
43 silly idealTree     │   │ ├─┬ read-all-stream@3.1.0
43 silly idealTree     │   │ │ ├─┬ pinkie-promise@2.0.1
43 silly idealTree     │   │ │ │ └── pinkie@2.0.4
43 silly idealTree     │   │ │ └─┬ readable-stream@2.2.2
43 silly idealTree     │   │ │   ├── buffer-shims@1.0.0
43 silly idealTree     │   │ │   ├── core-util-is@1.0.2
43 silly idealTree     │   │ │   ├── inherits@2.0.3
43 silly idealTree     │   │ │   ├── isarray@1.0.0
43 silly idealTree     │   │ │   ├── process-nextick-args@1.0.7
43 silly idealTree     │   │ │   ├── string_decoder@0.10.31
43 silly idealTree     │   │ │   └── util-deprecate@1.0.2
43 silly idealTree     │   │ └── timed-out@2.0.0
43 silly idealTree     │   └─┬ registry-url@3.1.0
43 silly idealTree     │     └─┬ rc@1.1.6
43 silly idealTree     │       ├── deep-extend@0.4.1
43 silly idealTree     │       ├── ini@1.3.4
43 silly idealTree     │       ├── minimist@1.2.0
43 silly idealTree     │       └── strip-json-comments@1.0.4
43 silly idealTree     ├─┬ repeating@1.1.3
43 silly idealTree     │ └─┬ is-finite@1.0.2
43 silly idealTree     │   └── number-is-nan@1.0.1
43 silly idealTree     ├─┬ semver-diff@2.1.0
43 silly idealTree     │ └── semver@5.3.0
43 silly idealTree     └─┬ string-length@1.0.1
43 silly idealTree       └─┬ strip-ansi@3.0.1
43 silly idealTree         └── ansi-regex@2.0.0
44 silly generateActionsToTake Starting
45 silly install generateActionsToTake
46 silly generateActionsToTake Finishing
47 silly diffTrees action count 0
48 silly decomposeActions action count 0
49 silly executeActions Starting
50 silly install executeActions
51 silly doSerial global-install 0
52 silly doParallel fetch 0
53 verbose lock using C:\Users\Davy\AppData\Roaming\npm-cache\_locks\staging-67bbf3e55f6e0c99.lock for C:\Users\Davy\1dv022\dk222gw-examination-1\node_modules\.staging
54 silly doParallel extract 0
55 silly doParallel preinstall 0
56 silly doReverseSerial remove 0
57 silly doSerial move 0
58 silly doSerial finalize 0
59 silly doSerial build 0
60 silly doSerial global-link 0
61 silly doParallel update-linked 0
62 silly doSerial install 0
63 silly doSerial postinstall 0
64 verbose unlock done using C:\Users\Davy\AppData\Roaming\npm-cache\_locks\staging-67bbf3e55f6e0c99.lock for C:\Users\Davy\1dv022\dk222gw-examination-1\node_modules\.staging
65 silly executeActions Finishing
66 silly rollbackFailedOptional Starting
67 silly rollbackFailedOptional Finishing
68 silly runTopLevelLifecycles Starting
69 silly install runTopLevelLifecycles
70 silly preinstall @1dv022/jekyll-boilerplate@1.0.0 C:\Users\Davy\1dv022\dk222gw-examination-1\@1dv022\jekyll-boilerplate-3a8a1c6589cd75d8a69933502c72ba6d
71 info lifecycle @1dv022/jekyll-boilerplate@1.0.0~preinstall: @1dv022/jekyll-boilerplate@1.0.0
72 silly lifecycle @1dv022/jekyll-boilerplate@1.0.0~preinstall: no script for preinstall, continuing
73 silly build @1dv022/jekyll-boilerplate@1.0.0
74 info linkStuff @1dv022/jekyll-boilerplate@1.0.0
75 silly linkStuff @1dv022/jekyll-boilerplate@1.0.0 has C:\Users\Davy as its parent node_modules
76 verbose linkBins @1dv022/jekyll-boilerplate@1.0.0
77 verbose linkMans @1dv022/jekyll-boilerplate@1.0.0
78 silly install @1dv022/jekyll-boilerplate@1.0.0 C:\Users\Davy\1dv022\dk222gw-examination-1\@1dv022\jekyll-boilerplate-3a8a1c6589cd75d8a69933502c72ba6d
79 info lifecycle @1dv022/jekyll-boilerplate@1.0.0~install: @1dv022/jekyll-boilerplate@1.0.0
80 silly lifecycle @1dv022/jekyll-boilerplate@1.0.0~install: no script for install, continuing
81 silly postinstall @1dv022/jekyll-boilerplate@1.0.0 C:\Users\Davy\1dv022\dk222gw-examination-1\@1dv022\jekyll-boilerplate-3a8a1c6589cd75d8a69933502c72ba6d
82 info lifecycle @1dv022/jekyll-boilerplate@1.0.0~postinstall: @1dv022/jekyll-boilerplate@1.0.0
83 verbose lifecycle @1dv022/jekyll-boilerplate@1.0.0~postinstall: unsafe-perm in lifecycle true
84 verbose lifecycle @1dv022/jekyll-boilerplate@1.0.0~postinstall: PATH: C:\Users\Davy\AppData\Roaming\npm\node_modules\npm\bin\node-gyp-bin;C:\Users\Davy\1dv022\dk222gw-examination-1\node_modules\.bin;C:\Program Files\Common Files\Microsoft Shared\Windows Live;C:\Program Files (x86)\Common Files\Microsoft Shared\Windows Live;C:\ProgramData\Oracle\Java\javapath;C\Program Files(x86)\Java\jdk1.8.0_65\bin;C:\Windows\system32;C:\Windows;C:\Windows\System32\Wbem;C:\Windows\System32\WindowsPowerShell\v1.0\;C:\Program Files (x86)\ATI Technologies\ATI.ACE\Core-Static;C:\Program Files\TortoiseSVN\bin;C:\Program Files (x86)\GNU\GnuPG\pub;C:\Program Files (x86)\AMD\ATI.ACE\Core-Static;C:\Program Files (x86)\QuickTime\QTSystem\;C:\Program Files (x86)\Windows Live\Shared;C:\Program Files (x86)\Skype\Phone\;C:\Program Files\Git\cmd;C:\Program Files\nodejs\;E:\Vagrant\bin;C:\Users\Davy\AppData\Roaming\npm
85 verbose lifecycle @1dv022/jekyll-boilerplate@1.0.0~postinstall: CWD: C:\Users\Davy\1dv022\dk222gw-examination-1
86 silly lifecycle @1dv022/jekyll-boilerplate@1.0.0~postinstall: Args: [ '/d /s /c', 'bundle install' ]
87 silly lifecycle @1dv022/jekyll-boilerplate@1.0.0~postinstall: Returned: code: 1  signal: null
88 info lifecycle @1dv022/jekyll-boilerplate@1.0.0~postinstall: Failed to exec postinstall script
89 verbose stack Error: @1dv022/jekyll-boilerplate@1.0.0 postinstall: `bundle install`
89 verbose stack Exit status 1
89 verbose stack     at EventEmitter.<anonymous> (C:\Users\Davy\AppData\Roaming\npm\node_modules\npm\lib\utils\lifecycle.js:232:16)
89 verbose stack     at emitTwo (events.js:87:13)
89 verbose stack     at EventEmitter.emit (events.js:172:7)
89 verbose stack     at ChildProcess.<anonymous> (C:\Users\Davy\AppData\Roaming\npm\node_modules\npm\lib\utils\spawn.js:24:14)
89 verbose stack     at emitTwo (events.js:87:13)
89 verbose stack     at ChildProcess.emit (events.js:172:7)
89 verbose stack     at maybeClose (internal/child_process.js:829:16)
89 verbose stack     at Process.ChildProcess._handle.onexit (internal/child_process.js:211:5)
90 verbose pkgid @1dv022/jekyll-boilerplate@1.0.0
91 verbose cwd C:\Users\Davy\1dv022\dk222gw-examination-1
92 error Windows_NT 6.1.7601
93 error argv "C:\\Program Files\\nodejs\\node.exe" "C:\\Users\\Davy\\AppData\\Roaming\\npm\\node_modules\\npm\\bin\\npm-cli.js" "install" "--verbose"
94 error node v4.5.0
95 error npm  v3.3.12
96 error code ELIFECYCLE
97 error @1dv022/jekyll-boilerplate@1.0.0 postinstall: `bundle install`
97 error Exit status 1
98 error Failed at the @1dv022/jekyll-boilerplate@1.0.0 postinstall script 'bundle install'.
98 error Make sure you have the latest version of node.js and npm installed.
98 error If you do, this is most likely a problem with the @1dv022/jekyll-boilerplate package,
98 error not with npm itself.
98 error Tell the author that this fails on your system:
98 error     bundle install
98 error You can get their info via:
98 error     npm owner ls @1dv022/jekyll-boilerplate
98 error There is likely additional logging output above.
99 verbose exit [ 1, true ]
